<?xml version="1.0" encoding="UTF-8"?>
<!-- Generated by org.testng.reporters.JUnitXMLReporter -->
<testsuite ignored="1" hostname="DESKTOP-FKSURN6" failures="0" tests="1" name="Default test" time="0.276" errors="0" timestamp="2020-12-11T02:53:31 IST">
  <testcase classname="Test_GetEmployeeDetails" name="test_01 on Employee [ name: Ramesh, age: 30 ]" time="0.247"/>
  <testcase classname="Test_GetEmployeeDetails" name="Test_GetEmployeeDetails" time="0.0">
    <ignored/>
  </testcase> <!-- Test_GetEmployeeDetails -->
</testsuite> <!-- Default test -->
