<?xml version="1.0" encoding="UTF-8"?>
<testng-results ignored="1" total="2" passed="1" failed="0" skipped="0">
  <reporter-output>
  </reporter-output>
  <suite started-at="2020-12-11T02:53:31 IST" name="Default suite" finished-at="2020-12-11T02:53:31 IST" duration-ms="276">
    <groups>
    </groups>
    <test started-at="2020-12-11T02:53:31 IST" name="Default test" finished-at="2020-12-11T02:53:31 IST" duration-ms="276">
      <class name="Test_GetEmployeeDetails">
        <test-method signature="test_01()[pri:0, instance:Employee [ name: Ramesh, age: 30 ]]" started-at="2020-12-11T02:53:31 IST" name="test_01" finished-at="2020-12-11T02:53:31 IST" duration-ms="247" status="PASS">
          <reporter-output>
          </reporter-output>
        </test-method> <!-- test_01 -->
      </class> <!-- Test_GetEmployeeDetails -->
    </test> <!-- Default test -->
  </suite> <!-- Default suite -->
</testng-results>
